<?xml version="1.0" encoding="utf-8"?><testsuites name="pytest tests"><testsuite name="pytest" errors="0" failures="0" skipped="0" tests="13" time="0.715" timestamp="2026-06-26T22:43:42.773459+00:00" hostname="agent-env-85644652-9048-41c7-a8a2-7d1f269ed2e5"><testcase classname="backend.tests.test_iteration_11.TestModuleSurveyUrl" name="test_intro_to_ai" time="0.123" /><testcase classname="backend.tests.test_iteration_11.TestModuleSurveyUrl" name="test_l10b_html" time="0.051" /><testcase classname="backend.tests.test_iteration_11.TestModuleSurveyUrl" name="test_python_fundamentals" time="0.047" /><testcase classname="backend.tests.test_iteration_11.TestIncomeSurveyUrl" name="test_income_1" time="0.046" /><testcase classname="backend.tests.test_iteration_11.TestIncomeSurveyUrl" name="test_income_2" time="0.045" /><testcase classname="backend.tests.test_iteration_11.TestIncomeSurveyUrl" name="test_income_17" time="0.045" /><testcase classname="backend.tests.test_iteration_11.TestIncomeSurveyUrl" name="test_income_18_null" time="0.047" /><testcase classname="backend.tests.test_iteration_11.TestTranslatorSurveyUrl" name="test_translator_haitian" time="0.047" /><testcase classname="backend.tests.test_iteration_11.TestFormsRegistry" name="test_forms_count_and_wiring" time="0.046" /><testcase classname="backend.tests.test_iteration_11.TestGoRedirect" name="test_go_forms_gle" time="0.046" /><testcase classname="backend.tests.test_iteration_11.TestRegression" name="test_income_modules_list" time="0.046" /><testcase classname="backend.tests.test_iteration_11.TestRegression" name="test_programme" time="0.047" /><testcase classname="backend.tests.test_iteration_11.TestRegression" name="test_translator_list" time="0.047" /></testsuite></testsuites>