<?xml version="1.0" encoding="utf-8"?><testsuites name="pytest tests"><testsuite name="pytest" errors="0" failures="0" skipped="0" tests="11" time="0.035" timestamp="2026-06-27T14:33:13.602140+00:00" hostname="agent-env-85644652-9048-41c7-a8a2-7d1f269ed2e5"><testcase classname="backend.tests.test_iteration_15.TestProgrammeLanguages" name="test_programme_languages_exact_order" time="0.004" /><testcase classname="backend.tests.test_iteration_15.TestProgrammeLanguages" name="test_note_contains_all_7" time="0.000" /><testcase classname="backend.tests.test_iteration_15.TestProgrammeLanguages" name="test_note_no_step_by_step_in_english" time="0.000" /><testcase classname="backend.tests.test_iteration_15.TestProgrammeLanguages" name="test_instruction_language" time="0.000" /><testcase classname="backend.tests.test_iteration_15.TestProgrammeLanguages" name="test_translator_mode_core_has_haitian_creole" time="0.000" /><testcase classname="backend.tests.test_iteration_15.TestProgrammeLanguages" name="test_translator_mode_best_effort_has_bambara" time="0.000" /><testcase classname="backend.tests.test_iteration_15.TestQuizSourceContent" name="test_quiz_tab_says_exactly_5" time="0.000" /><testcase classname="backend.tests.test_iteration_15.TestQuizSourceContent" name="test_quiz_topic_eyebrow_5_questions" time="0.000" /><testcase classname="backend.tests.test_iteration_15.TestRegression" name="test_income_modules" time="0.002" /><testcase classname="backend.tests.test_iteration_15.TestRegression" name="test_root" time="0.002" /><testcase classname="backend.tests.test_iteration_15.TestRegression" name="test_healthz" time="0.001" /></testsuite></testsuites>