<?xml version="1.0" encoding="utf-8"?><testsuites name="pytest tests"><testsuite name="pytest" errors="0" failures="0" skipped="0" tests="9" time="0.038" timestamp="2026-06-27T01:01:57.042193+00:00" hostname="agent-env-85644652-9048-41c7-a8a2-7d1f269ed2e5"><testcase classname="backend.tests.test_iteration_12" name="test_root_probe_returns_ok" time="0.004" /><testcase classname="backend.tests.test_iteration_12" name="test_healthz_probe_returns_ok" time="0.002" /><testcase classname="backend.tests.test_iteration_12" name="test_api_root_regression" time="0.002" /><testcase classname="backend.tests.test_iteration_12" name="test_income_modules_count_17" time="0.002" /><testcase classname="backend.tests.test_iteration_12" name="test_module_introduction_to_ai_survey_url" time="0.002" /><testcase classname="backend.tests.test_iteration_12" name="test_forms_registry_count_and_wired" time="0.002" /><testcase classname="backend.tests.test_iteration_12" name="test_go_redirect_302" time="0.002" /><testcase classname="backend.tests.test_iteration_12" name="test_preseed_gating_is_env_var_controlled" time="0.001" /><testcase classname="backend.tests.test_iteration_12" name="test_recent_backend_restart_has_no_preseed_lines" time="0.000" /></testsuite></testsuites>