<?xml version="1.0" encoding="utf-8"?><testsuites name="pytest tests"><testsuite name="pytest" errors="0" failures="0" skipped="0" tests="14" time="1.812" timestamp="2026-06-26T16:19:06.551486+00:00" hostname="agent-env-85644652-9048-41c7-a8a2-7d1f269ed2e5"><testcase classname="backend.tests.test_iteration_10.TestForms" name="test_forms_200_and_count_39" time="0.192" /><testcase classname="backend.tests.test_iteration_10.TestForms" name="test_forms_first_is_intro_to_ai_learning" time="0.109" /><testcase classname="backend.tests.test_iteration_10.TestForms" name="test_forms_every_item_has_survey_title" time="0.131" /><testcase classname="backend.tests.test_iteration_10.TestForms" name="test_forms_each_kind_present" time="0.126" /><testcase classname="backend.tests.test_iteration_10.TestForms" name="test_forms_kind_counts" time="0.137" /><testcase classname="backend.tests.test_iteration_10.TestGoRedirect" name="test_go_huggingface_302" time="0.138" /><testcase classname="backend.tests.test_iteration_10.TestGoRedirect" name="test_go_coddy_302" time="0.094" /><testcase classname="backend.tests.test_iteration_10.TestGoRedirect" name="test_go_alison_302" time="0.131" /><testcase classname="backend.tests.test_iteration_10.TestGoRedirect" name="test_go_blocks_non_allowlisted_host" time="0.100" /><testcase classname="backend.tests.test_iteration_10.TestGoRedirect" name="test_go_missing_url_param" time="0.169" /><testcase classname="backend.tests.test_iteration_10.TestGoRedirect" name="test_go_invalid_scheme" time="0.101" /><testcase classname="backend.tests.test_iteration_10.TestRegression" name="test_income_modules_17" time="0.115" /><testcase classname="backend.tests.test_iteration_10.TestRegression" name="test_programme_returns_weeks" time="0.094" /><testcase classname="backend.tests.test_iteration_10.TestRegression" name="test_translator_modules_8" time="0.144" /></testsuite></testsuites>