<?xml version="1.0" encoding="utf-8"?><testsuites name="pytest tests"><testsuite name="pytest" errors="0" failures="0" skipped="0" tests="43" time="24.710" timestamp="2026-06-22T03:06:48.597382+00:00" hostname="agent-env-85644652-9048-41c7-a8a2-7d1f269ed2e5"><testcase classname="tests.test_code_guardian.TestHealth" name="test_root_health" time="0.122" /><testcase classname="tests.test_code_guardian.TestContent" name="test_list_topics" time="0.129" /><testcase classname="tests.test_code_guardian.TestContent" name="test_topic_detail_requires_auth" time="0.094" /><testcase classname="tests.test_code_guardian.TestAuthGating" name="test_protected_without_token[/api/auth/me-get-None]" time="0.095" /><testcase classname="tests.test_code_guardian.TestAuthGating" name="test_protected_without_token[/api/usage/me-get-None]" time="0.144" /><testcase classname="tests.test_code_guardian.TestAuthGating" name="test_protected_without_token[/api/quiz/generate-post-payload2]" time="0.097" /><testcase classname="tests.test_code_guardian.TestAuthGating" name="test_protected_without_token[/api/ai/chat-post-payload3]" time="0.100" /><testcase classname="tests.test_code_guardian.TestAuthGating" name="test_protected_without_token[/api/billing/checkout-post-payload4]" time="0.117" /><testcase classname="tests.test_code_guardian.TestUsageMe" name="test_usage_me_free_tier_new_caps" time="0.113" /><testcase classname="tests.test_code_guardian.TestUsageMe" name="test_usage_me_day_pass_caps" time="0.104" /><testcase classname="tests.test_code_guardian.TestUsageMe" name="test_usage_me_monthly_caps_prompt_based" time="0.114" /><testcase classname="tests.test_code_guardian.TestFreeTierPlatformPaid" name="test_chat_free_no_byok_succeeds_and_increments" time="10.164" /><testcase classname="tests.test_code_guardian.TestFreeTierPlatformPaid" name="test_chat_free_6th_call_returns_429_quota_exceeded" time="0.136" /><testcase classname="tests.test_code_guardian.TestFreeTierPlatformPaid" name="test_quiz_free_at_cap_returns_429" time="0.145" /><testcase classname="tests.test_code_guardian.TestFreeTierPlatformPaid" name="test_chat_free_at_token_cap_returns_429" time="0.105" /><testcase classname="tests.test_code_guardian.TestByokOptIn" name="test_chat_free_with_byok_does_not_touch_quota" time="0.171" /><testcase classname="tests.test_code_guardian.TestByokOptIn" name="test_chat_with_byok_works_even_when_quota_exhausted" time="0.118" /><testcase classname="tests.test_code_guardian.TestPaidTierQuota" name="test_day_pass_at_prompt_cap_blocks" time="0.103" /><testcase classname="tests.test_code_guardian.TestPaidTierQuota" name="test_day_pass_at_token_cap_blocks" time="0.135" /><testcase classname="tests.test_code_guardian.TestPaidTierQuota" name="test_monthly_at_prompt_cap_blocks" time="0.106" /><testcase classname="tests.test_code_guardian.TestPaidTierQuota" name="test_monthly_pooled_across_users_on_same_account" time="0.158" /><testcase classname="tests.test_code_guardian.TestPaidTierQuota" name="test_monthly_249_prompts_still_allows_one_more" time="0.105" /><testcase classname="tests.test_code_guardian.TestPaidTierQuota" name="test_monthly_checkout_returns_stripe_url" time="0.690" /><testcase classname="tests.test_code_guardian.TestPaidTierQuota" name="test_day_pass_expired_downgrades_to_free" time="0.104" /><testcase classname="tests.test_code_guardian.TestPaidLLMFlows" name="test_day_pass_chat_increments_quota" time="8.397" /><testcase classname="tests.test_code_guardian.TestBillingCheckout" name="test_day_pass_checkout_returns_stripe_url" time="0.408" /><testcase classname="tests.test_code_guardian.TestBillingCheckout" name="test_unknown_plan_rejected" time="0.106" /><testcase classname="tests.test_seat_invites.TestGetSeats" name="test_monthly_owner_sees_team" time="0.115" /><testcase classname="tests.test_seat_invites.TestGetSeats" name="test_free_user_sees_free_tier" time="0.105" /><testcase classname="tests.test_seat_invites.TestCreateInvite" name="test_monthly_owner_can_create" time="0.104" /><testcase classname="tests.test_seat_invites.TestCreateInvite" name="test_non_owner_gets_403" time="0.113" /><testcase classname="tests.test_seat_invites.TestCreateInvite" name="test_free_user_gets_400" time="0.101" /><testcase classname="tests.test_seat_invites.TestCreateInvite" name="test_team_full_returns_400" time="0.142" /><testcase classname="tests.test_seat_invites.TestGetInvite" name="test_valid_invite_returns_owner_name" time="0.265" /><testcase classname="tests.test_seat_invites.TestGetInvite" name="test_expired_invite" time="0.105" /><testcase classname="tests.test_seat_invites.TestGetInvite" name="test_used_invite" time="0.111" /><testcase classname="tests.test_seat_invites.TestGetInvite" name="test_unknown_token_404" time="0.121" /><testcase classname="tests.test_seat_invites.TestAcceptInvite" name="test_joinee_moves_to_owner_account" time="0.201" /><testcase classname="tests.test_seat_invites.TestAcceptInvite" name="test_replay_returns_400" time="0.200" /><testcase classname="tests.test_seat_invites.TestAcceptInvite" name="test_post_accept_joinee_sees_monthly_usage" time="0.197" /><testcase classname="tests.test_seat_invites.TestRemoveSeat" name="test_owner_can_remove_teammate" time="0.116" /><testcase classname="tests.test_seat_invites.TestRemoveSeat" name="test_owner_cannot_remove_self" time="0.114" /><testcase classname="tests.test_seat_invites.TestRevokeInvite" name="test_owner_can_revoke" time="0.152" /></testsuite></testsuites>