<?xml version="1.0" encoding="utf-8"?><testsuites name="pytest tests"><testsuite name="pytest" errors="0" failures="0" skipped="0" tests="16" time="2.518" timestamp="2026-06-22T03:06:41.727604+00:00" hostname="agent-env-85644652-9048-41c7-a8a2-7d1f269ed2e5"><testcase classname="tests.test_seat_invites.TestGetSeats" name="test_monthly_owner_sees_team" time="0.264" /><testcase classname="tests.test_seat_invites.TestGetSeats" name="test_free_user_sees_free_tier" time="0.146" /><testcase classname="tests.test_seat_invites.TestCreateInvite" name="test_monthly_owner_can_create" time="0.140" /><testcase classname="tests.test_seat_invites.TestCreateInvite" name="test_non_owner_gets_403" time="0.103" /><testcase classname="tests.test_seat_invites.TestCreateInvite" name="test_free_user_gets_400" time="0.137" /><testcase classname="tests.test_seat_invites.TestCreateInvite" name="test_team_full_returns_400" time="0.116" /><testcase classname="tests.test_seat_invites.TestGetInvite" name="test_valid_invite_returns_owner_name" time="0.268" /><testcase classname="tests.test_seat_invites.TestGetInvite" name="test_expired_invite" time="0.103" /><testcase classname="tests.test_seat_invites.TestGetInvite" name="test_used_invite" time="0.101" /><testcase classname="tests.test_seat_invites.TestGetInvite" name="test_unknown_token_404" time="0.100" /><testcase classname="tests.test_seat_invites.TestAcceptInvite" name="test_joinee_moves_to_owner_account" time="0.239" /><testcase classname="tests.test_seat_invites.TestAcceptInvite" name="test_replay_returns_400" time="0.195" /><testcase classname="tests.test_seat_invites.TestAcceptInvite" name="test_post_accept_joinee_sees_monthly_usage" time="0.199" /><testcase classname="tests.test_seat_invites.TestRemoveSeat" name="test_owner_can_remove_teammate" time="0.102" /><testcase classname="tests.test_seat_invites.TestRemoveSeat" name="test_owner_cannot_remove_self" time="0.113" /><testcase classname="tests.test_seat_invites.TestRevokeInvite" name="test_owner_can_revoke" time="0.146" /></testsuite></testsuites>