<?xml version="1.0" encoding="utf-8"?><testsuites name="pytest tests"><testsuite name="pytest" errors="0" failures="0" skipped="0" tests="9" time="3.322" timestamp="2026-06-26T11:00:37.177340+00:00" hostname="agent-env-85644652-9048-41c7-a8a2-7d1f269ed2e5"><testcase classname="backend.tests.test_content_v6.TestIncomeModules" name="test_list_count_and_shape" time="0.288" /><testcase classname="backend.tests.test_content_v6.TestIncomeModules" name="test_detail_module_1_has_full_body" time="0.135" /><testcase classname="backend.tests.test_content_v6.TestIncomeModules" name="test_detail_404" time="0.097" /><testcase classname="backend.tests.test_content_v6.TestIncomeModules" name="test_all_18_detail_endpoints_resolve" time="2.114" /><testcase classname="backend.tests.test_content_v6.TestProgramme" name="test_programme_overview_payload" time="0.096" /><testcase classname="backend.tests.test_content_v6.TestHtmlModuleTabs" name="test_module_has_three_tabs_and_difficulty" time="0.097" /><testcase classname="backend.tests.test_content_v6.TestModulesRegression" name="test_list_modules" time="0.096" /><testcase classname="backend.tests.test_content_v6.TestModulesRegression" name="test_first_module_detail_resolves" time="0.274" /><testcase classname="backend.tests.test_content_v6.TestModulesRegression" name="test_quiz_generate_unauth_does_not_500" time="0.095" /></testsuite></testsuites>