<?xml version="1.0" encoding="utf-8"?><testsuites name="pytest tests"><testsuite name="pytest" errors="0" failures="0" skipped="0" tests="11" time="1.593" timestamp="2026-06-26T12:31:40.477316+00:00" hostname="agent-env-85644652-9048-41c7-a8a2-7d1f269ed2e5"><testcase classname="backend.tests.test_content_v7.TestIncomeModules" name="test_income_modules_list" time="0.248" /><testcase classname="backend.tests.test_content_v7.TestIncomeModules" name="test_income_module_18_duplicates_2" time="0.183" /><testcase classname="backend.tests.test_content_v7.TestIncomeModules" name="test_income_module_1_has_execution" time="0.130" /><testcase classname="backend.tests.test_content_v7.TestTranslator" name="test_translator_index" time="0.101" /><testcase classname="backend.tests.test_content_v7.TestTranslator" name="test_translator_haitian_creole" time="0.123" /><testcase classname="backend.tests.test_content_v7.TestTranslator" name="test_translator_not_found" time="0.182" /><testcase classname="backend.tests.test_content_v7.TestGlossary" name="test_glossary_shape" time="0.092" /><testcase classname="backend.tests.test_content_v7.TestContentTopicsTeasers" name="test_html_advanced_topics_have_teasers" time="0.104" /><testcase classname="backend.tests.test_content_v7.TestRegression" name="test_l10b_html_has_tabs_and_difficulty" time="0.130" /><testcase classname="backend.tests.test_content_v7.TestRegression" name="test_programme_returns_weeks" time="0.099" /><testcase classname="backend.tests.test_content_v7.TestRegression" name="test_income_module_1_full_body" time="0.157" /></testsuite></testsuites>